#
# A fatal error has been detected by the Java Runtime Environment:
#
#  EXCEPTION_ACCESS_VIOLATION (0xc0000005) at pc=0x00000000510c4208, pid=3808, tid=4560
#
# JRE version: Java(TM) SE Runtime Environment (7.0_75-b13) (build 1.7.0_75-b13)
# Java VM: Java HotSpot(TM) 64-Bit Server VM (24.75-b04 mixed mode windows-amd64 compressed oops)
# Problematic frame:
# V  [jvm.dll+0x3a4208]
#
# Failed to write core dump. Minidumps are not enabled by default on client versions of Windows
#
# If you would like to submit a bug report, please visit:
#   http://bugreport.sun.com/bugreport/crash.jsp
#

---------------  T H R E A D  ---------------

Current thread (0x000000000228d800):  GCTaskThread [stack: 0x0000000005be0000,0x0000000005ce0000] [id=4560]

siginfo: ExceptionCode=0xc0000005, reading address 0xffffffffffffffff

Registers:
RAX=0x0020000000005129, RBX=0x00000000fc4a3818, RCX=0x00000000b002e9f2, RDX=0x0000000008c41860
RSP=0x0000000005cdf6f0, RBP=0x0000000000090000, RSI=0x0000000008c41860, RDI=0x00000000f653be80
R8 =0x00000000f653be80, R9 =0x0000000000000000, R10=0x00000000c00fd810, R11=0x00000000f653be80
R12=0x00000000512e87a0, R13=0x000000000000003d, R14=0x0000000000000000, R15=0x000000000228e960
RIP=0x00000000510c4208, EFLAGS=0x0000000000010207

Top of Stack: (sp=0x0000000005cdf6f0)
0x0000000005cdf6f0:   0000000000000045 0000000000090000
0x0000000005cdf700:   0000000008c41860 0000000050de6c51
0x0000000005cdf710:   000000000228e670 00000000510c4684
0x0000000005cdf720:   00000000f6524458 0000000000000000
0x0000000005cdf730:   0000000000000000 000000000228e601
0x0000000005cdf740:   00000000512e87a0 00000000510c4300
0x0000000005cdf750:   00000000f6527f68 0000000000000000
0x0000000005cdf760:   0000000008c41860 0000e95900006bda
0x0000000005cdf770:   00000000f6527f68 00000000510c4d45
0x0000000005cdf780:   00000000fc4a2688 0000000000000000
0x0000000005cdf790:   0000000008c41860 00000000510c41d6
0x0000000005cdf7a0:   0000e95900006bda 00000000fc4a268a
0x0000000005cdf7b0:   0000000008c41860 0000e95900006bda
0x0000000005cdf7c0:   00000000f567bf50 0000e95800006bda
0x0000000005cdf7d0:   0000b34600007816 0000be5b00009244
0x0000000005cdf7e0:   000000000228e950 000000000228e670 

Instructions: (pc=0x00000000510c4208)
0x00000000510c41e8:   eb 04 48 8b 47 08 81 78 18 00 00 00 c0 48 8d 48
0x00000000510c41f8:   10 0f 83 8a 00 00 00 48 8b 01 4c 8b c7 48 8b d6
0x00000000510c4208:   ff 90 e0 00 00 00 eb 79 48 8b 03 24 03 3c 03 74
0x00000000510c4218:   24 4c 8d 0d a0 40 22 00 4c 8d 05 69 41 22 00 48 


Register to memory mapping:

RAX=0x0020000000005129 is an unknown value
RBX=0x00000000fc4a3818 is an unknown value
RCX=0x00000000b002e9f2 is pointing into object: 0x00000000b002e9e0
{instance class} 
 - klass: {other class}
RDX=0x0000000008c41860 is an unknown value
RSP=0x0000000005cdf6f0 is an unknown value
RBP=0x0000000000090000 is an unknown value
RSI=0x0000000008c41860 is an unknown value
RDI=0x00000000f653be80 is an unknown value
R8 =0x00000000f653be80 is an unknown value
R9 =0x0000000000000000 is an unknown value
R10=0x00000000c00fd810 is an oop
java.lang.ref.ReferenceQueue$Null 
 - klass: 'java/lang/ref/ReferenceQueue$Null'
R11=0x00000000f653be80 is an unknown value
R12=0x00000000512e87a0 is an unknown value
R13=0x000000000000003d is an unknown value
R14=0x0000000000000000 is an unknown value
R15=0x000000000228e960 is an unknown value


Stack: [0x0000000005be0000,0x0000000005ce0000],  sp=0x0000000005cdf6f0,  free space=1021k
Native frames: (J=compiled Java code, j=interpreted, Vv=VM code, C=native code)
V  [jvm.dll+0x3a4208]

[error occurred during error reporting (printing native stack), id 0xc0000005]


---------------  P R O C E S S  ---------------

Java Threads: ( => current thread )
  0x000000000aee6800 JavaThread "Stdin handler" [_thread_blocked, id=556, stack(0x000000000d790000,0x000000000d890000)]
  0x000000000aee9800 JavaThread "Cancel handler" [_thread_blocked, id=5048, stack(0x000000000d590000,0x000000000d690000)]
  0x000000000aee7800 JavaThread "Handler for socket connection from /127.0.0.1:49551 to /127.0.0.1:57371" [_thread_in_native, id=5240, stack(0x000000000d490000,0x000000000d590000)]
  0x000000000aeec000 JavaThread "Daemon worker Thread 13" [_thread_blocked, id=5724, stack(0x000000000d690000,0x000000000d790000)]
  0x000000000aee9000 JavaThread "Daemon Thread 13" [_thread_blocked, id=5208, stack(0x000000000d390000,0x000000000d490000)]
  0x000000000b888000 JavaThread "File lock request listener" [_thread_in_native, id=5128, stack(0x000000000d890000,0x000000000d990000)]
  0x000000000bd99800 JavaThread "Incoming local TCP Connector on port 49551" [_thread_in_native, id=5492, stack(0x000000000d290000,0x000000000d390000)]
  0x000000000236a000 JavaThread "Service Thread" daemon [_thread_blocked, id=4812, stack(0x000000000b420000,0x000000000b520000)]
  0x0000000002367800 JavaThread "C2 CompilerThread1" daemon [_thread_blocked, id=4904, stack(0x000000000b320000,0x000000000b420000)]
  0x0000000002365800 JavaThread "C2 CompilerThread0" daemon [_thread_blocked, id=5464, stack(0x000000000b220000,0x000000000b320000)]
  0x0000000002365000 JavaThread "Attach Listener" daemon [_thread_blocked, id=3804, stack(0x000000000b120000,0x000000000b220000)]
  0x0000000002360000 JavaThread "Signal Dispatcher" daemon [_thread_blocked, id=2504, stack(0x000000000b020000,0x000000000b120000)]
  0x0000000008c50000 JavaThread "Finalizer" daemon [_thread_blocked, id=3140, stack(0x000000000ab20000,0x000000000ac20000)]
  0x0000000008c49800 JavaThread "Reference Handler" daemon [_thread_blocked, id=1124, stack(0x000000000aa20000,0x000000000ab20000)]
  0x0000000002270800 JavaThread "main" [_thread_blocked, id=2356, stack(0x0000000002090000,0x0000000002190000)]

Other Threads:
  0x0000000008c45800 VMThread [stack: 0x000000000a920000,0x000000000aa20000] [id=2520]
  0x000000000ac4c800 WatcherThread [stack: 0x000000000b520000,0x000000000b620000] [id=5488]

=>0x000000000228d800 (exited) GCTaskThread [stack: 0x0000000005be0000,0x0000000005ce0000] [id=4560]

VM state:at safepoint (normal execution)

VM Mutex/Monitor currently owned by a thread:  ([mutex/lock_event])
[0x000000000091be30] Threads_lock - owner thread: 0x0000000008c45800
[0x000000000091c2b0] Heap_lock - owner thread: 0x000000000aeec000

Heap
 PSYoungGen      total 204800K, used 204411K [0x00000000eaa80000, 0x00000000fe800000, 0x0000000100000000)
  eden space 121856K, 100% used [0x00000000eaa80000,0x00000000f2180000,0x00000000f2180000)
  from space 82944K, 99% used [0x00000000f7e80000,0x00000000fcf1ef00,0x00000000fcf80000)
  to   space 95232K, 85% used [0x00000000f2180000,0x00000000f7093e80,0x00000000f7e80000)
 ParOldGen       total 600064K, used 118694K [0x00000000c0000000, 0x00000000e4a00000, 0x00000000eaa80000)
  object space 600064K, 19% used [0x00000000c0000000,0x00000000c73e9a10,0x00000000e4a00000)
 PSPermGen       total 155648K, used 155620K [0x00000000b0000000, 0x00000000b9800000, 0x00000000c0000000)
  object space 155648K, 99% used [0x00000000b0000000,0x00000000b97f90d0,0x00000000b9800000)

Card table byte_map: [0x0000000005370000,0x0000000005600000] byte_map_base: 0x0000000004df0000

Polling page: 0x00000000008c0000

Code Cache  [0x0000000002370000, 0x0000000003460000, 0x0000000005370000)
 total_blobs=4847 nmethods=4175 adapters=621 free_code_cache=33711Kb largest_free_block=32595712

Compilation events (10 events):
Event: 5200.336 Thread 0x0000000002367800 5622             com.google.common.collect.ImmutableList$Builder::build (12 bytes)
Event: 5200.339 Thread 0x0000000002367800 nmethod 5622 0x0000000003049bd0 code [0x0000000003049d40, 0x000000000304a078]
Event: 5200.455 Thread 0x0000000002365800 5623             com.google.common.collect.AbstractMapBasedMultimap::wrapCollection (73 bytes)
Event: 5200.458 Thread 0x0000000002365800 nmethod 5623 0x0000000002f3bc10 code [0x0000000002f3bd80, 0x0000000002f3bfc8]
Event: 5202.030 Thread 0x0000000002367800 5624             java.util.ArrayList::toArray (12 bytes)
Event: 5202.032 Thread 0x0000000002367800 nmethod 5624 0x0000000003310590 code [0x00000000033106e0, 0x0000000003310898]
Event: 5202.184 Thread 0x0000000002365800 5625             java.util.ArrayList::addAll (54 bytes)
Event: 5202.188 Thread 0x0000000002365800 nmethod 5625 0x0000000002fa6810 code [0x0000000002fa6960, 0x0000000002fa6d88]
Event: 5225.842 Thread 0x0000000002367800 5626             org.gradle.api.internal.artifacts.ivyservice.IvyUtil::emptyStringIfNull (10 bytes)
Event: 5225.843 Thread 0x0000000002367800 nmethod 5626 0x0000000003310250 code [0x00000000033103a0, 0x0000000003310458]

GC Heap History (10 events):
Event: 5195.121 GC heap after
Heap after GC invocations=136 (full 23):
 PSYoungGen      total 189952K, used 49454K [0x00000000eaa80000, 0x00000000fa880000, 0x0000000100000000)
  eden space 139776K, 0% used [0x00000000eaa80000,0x00000000eaa80000,0x00000000f3300000)
  from space 50176K, 98% used [0x00000000f6a80000,0x00000000f9acba30,0x00000000f9b80000)
  to   space 56832K, 0% used [0x00000000f3300000,0x00000000f3300000,0x00000000f6a80000)
 ParOldGen       total 600064K, used 113136K [0x00000000c0000000, 0x00000000e4a00000, 0x00000000eaa80000)
  object space 600064K, 18% used [0x00000000c0000000,0x00000000c6e7c3f8,0x00000000e4a00000)
 PSPermGen       total 142336K, used 142055K [0x00000000b0000000, 0x00000000b8b00000, 0x00000000c0000000)
  object space 142336K, 99% used [0x00000000b0000000,0x00000000b8ab9c30,0x00000000b8b00000)
}
Event: 5195.838 GC heap before
{Heap before GC invocations=137 (full 23):
 PSYoungGen      total 189952K, used 189230K [0x00000000eaa80000, 0x00000000fa880000, 0x0000000100000000)
  eden space 139776K, 100% used [0x00000000eaa80000,0x00000000f3300000,0x00000000f3300000)
  from space 50176K, 98% used [0x00000000f6a80000,0x00000000f9acba30,0x00000000f9b80000)
  to   space 56832K, 0% used [0x00000000f3300000,0x00000000f3300000,0x00000000f6a80000)
 ParOldGen       total 600064K, used 113136K [0x00000000c0000000, 0x00000000e4a00000, 0x00000000eaa80000)
  object space 600064K, 18% used [0x00000000c0000000,0x00000000c6e7c3f8,0x00000000e4a00000)
 PSPermGen       total 143872K, used 143466K [0x00000000b0000000, 0x00000000b8c80000, 0x00000000c0000000)
  object space 143872K, 99% used [0x00000000b0000000,0x00000000b8c1ab50,0x00000000b8c80000)
Event: 5195.866 GC heap after
Heap after GC invocations=137 (full 23):
 PSYoungGen      total 196608K, used 52453K [0x00000000eaa80000, 0x00000000faf00000, 0x0000000100000000)
  eden space 139776K, 0% used [0x00000000eaa80000,0x00000000eaa80000,0x00000000f3300000)
  from space 56832K, 92% used [0x00000000f3300000,0x00000000f6639570,0x00000000f6a80000)
  to   space 62976K, 0% used [0x00000000f7180000,0x00000000f7180000,0x00000000faf00000)
 ParOldGen       total 600064K, used 113136K [0x00000000c0000000, 0x00000000e4a00000, 0x00000000eaa80000)
  object space 600064K, 18% used [0x00000000c0000000,0x00000000c6e7c3f8,0x00000000e4a00000)
 PSPermGen       total 143872K, used 143466K [0x00000000b0000000, 0x00000000b8c80000, 0x00000000c0000000)
  object space 143872K, 99% used [0x00000000b0000000,0x00000000b8c1ab50,0x00000000b8c80000)
}
Event: 5198.021 GC heap before
{Heap before GC invocations=138 (full 23):
 PSYoungGen      total 196608K, used 192229K [0x00000000eaa80000, 0x00000000faf00000, 0x0000000100000000)
  eden space 139776K, 100% used [0x00000000eaa80000,0x00000000f3300000,0x00000000f3300000)
  from space 56832K, 92% used [0x00000000f3300000,0x00000000f6639570,0x00000000f6a80000)
  to   space 62976K, 0% used [0x00000000f7180000,0x00000000f7180000,0x00000000faf00000)
 ParOldGen       total 600064K, used 113136K [0x00000000c0000000, 0x00000000e4a00000, 0x00000000eaa80000)
  object space 600064K, 18% used [0x00000000c0000000,0x00000000c6e7c3f8,0x00000000e4a00000)
 PSPermGen       total 144896K, used 144858K [0x00000000b0000000, 0x00000000b8d80000, 0x00000000c0000000)
  object space 144896K, 99% used [0x00000000b0000000,0x00000000b8d76b40,0x00000000b8d80000)
Event: 5198.061 GC heap after
Heap after GC invocations=138 (full 23):
 PSYoungGen      total 196096K, used 60513K [0x00000000eaa80000, 0x00000000fbe00000, 0x0000000100000000)
  eden space 133120K, 0% used [0x00000000eaa80000,0x00000000eaa80000,0x00000000f2c80000)
  from space 62976K, 96% used [0x00000000f7180000,0x00000000fac987b0,0x00000000faf00000)
  to   space 70656K, 0% used [0x00000000f2c80000,0x00000000f2c80000,0x00000000f7180000)
 ParOldGen       total 600064K, used 113136K [0x00000000c0000000, 0x00000000e4a00000, 0x00000000eaa80000)
  object space 600064K, 18% used [0x00000000c0000000,0x00000000c6e7c3f8,0x00000000e4a00000)
 PSPermGen       total 144896K, used 144858K [0x00000000b0000000, 0x00000000b8d80000, 0x00000000c0000000)
  object space 144896K, 99% used [0x00000000b0000000,0x00000000b8d76b40,0x00000000b8d80000)
}
Event: 5199.242 GC heap before
{Heap before GC invocations=139 (full 23):
 PSYoungGen      total 196096K, used 193633K [0x00000000eaa80000, 0x00000000fbe00000, 0x0000000100000000)
  eden space 133120K, 100% used [0x00000000eaa80000,0x00000000f2c80000,0x00000000f2c80000)
  from space 62976K, 96% used [0x00000000f7180000,0x00000000fac987b0,0x00000000faf00000)
  to   space 70656K, 0% used [0x00000000f2c80000,0x00000000f2c80000,0x00000000f7180000)
 ParOldGen       total 600064K, used 113136K [0x00000000c0000000, 0x00000000e4a00000, 0x00000000eaa80000)
  object space 600064K, 18% used [0x00000000c0000000,0x00000000c6e7c3f8,0x00000000e4a00000)
 PSPermGen       total 152576K, used 152269K [0x00000000b0000000, 0x00000000b9500000, 0x00000000c0000000)
  object space 152576K, 99% used [0x00000000b0000000,0x00000000b94b3550,0x00000000b9500000)
Event: 5199.282 GC heap after
Heap after GC invocations=139 (full 23):
 PSYoungGen      total 203776K, used 70655K [0x00000000eaa80000, 0x00000000fcf80000, 0x0000000100000000)
  eden space 133120K, 0% used [0x00000000eaa80000,0x00000000eaa80000,0x00000000f2c80000)
  from space 70656K, 99% used [0x00000000f2c80000,0x00000000f717fe90,0x00000000f7180000)
  to   space 82944K, 0% used [0x00000000f7e80000,0x00000000f7e80000,0x00000000fcf80000)
 ParOldGen       total 600064K, used 118694K [0x00000000c0000000, 0x00000000e4a00000, 0x00000000eaa80000)
  object space 600064K, 19% used [0x00000000c0000000,0x00000000c73e9a10,0x00000000e4a00000)
 PSPermGen       total 152576K, used 152269K [0x00000000b0000000, 0x00000000b9500000, 0x00000000c0000000)
  object space 152576K, 99% used [0x00000000b0000000,0x00000000b94b3550,0x00000000b9500000)
}
Event: 5200.380 GC heap before
{Heap before GC invocations=140 (full 23):
 PSYoungGen      total 203776K, used 203775K [0x00000000eaa80000, 0x00000000fcf80000, 0x0000000100000000)
  eden space 133120K, 100% used [0x00000000eaa80000,0x00000000f2c80000,0x00000000f2c80000)
  from space 70656K, 99% used [0x00000000f2c80000,0x00000000f717fe90,0x00000000f7180000)
  to   space 82944K, 0% used [0x00000000f7e80000,0x00000000f7e80000,0x00000000fcf80000)
 ParOldGen       total 600064K, used 118694K [0x00000000c0000000, 0x00000000e4a00000, 0x00000000eaa80000)
  object space 600064K, 19% used [0x00000000c0000000,0x00000000c73e9a10,0x00000000e4a00000)
 PSPermGen       total 154112K, used 154013K [0x00000000b0000000, 0x00000000b9680000, 0x00000000c0000000)
  object space 154112K, 99% used [0x00000000b0000000,0x00000000b96677f0,0x00000000b9680000)
Event: 5200.433 GC heap after
Heap after GC invocations=140 (full 23):
 PSYoungGen      total 204800K, used 82555K [0x00000000eaa80000, 0x00000000fe800000, 0x0000000100000000)
  eden space 121856K, 0% used [0x00000000eaa80000,0x00000000eaa80000,0x00000000f2180000)
  from space 82944K, 99% used [0x00000000f7e80000,0x00000000fcf1ef00,0x00000000fcf80000)
  to   space 95232K, 0% used [0x00000000f2180000,0x00000000f2180000,0x00000000f7e80000)
 ParOldGen       total 600064K, used 118694K [0x00000000c0000000, 0x00000000e4a00000, 0x00000000eaa80000)
  object space 600064K, 19% used [0x00000000c0000000,0x00000000c73e9a10,0x00000000e4a00000)
 PSPermGen       total 154112K, used 154013K [0x00000000b0000000, 0x00000000b9680000, 0x00000000c0000000)
  object space 154112K, 99% used [0x00000000b0000000,0x00000000b96677f0,0x00000000b9680000)
}
Event: 5226.150 GC heap before
{Heap before GC invocations=141 (full 23):
 PSYoungGen      total 204800K, used 204411K [0x00000000eaa80000, 0x00000000fe800000, 0x0000000100000000)
  eden space 121856K, 100% used [0x00000000eaa80000,0x00000000f2180000,0x00000000f2180000)
  from space 82944K, 99% used [0x00000000f7e80000,0x00000000fcf1ef00,0x00000000fcf80000)
  to   space 95232K, 0% used [0x00000000f2180000,0x00000000f2180000,0x00000000f7e80000)
 ParOldGen       total 600064K, used 118694K [0x00000000c0000000, 0x00000000e4a00000, 0x00000000eaa80000)
  object space 600064K, 19% used [0x00000000c0000000,0x00000000c73e9a10,0x00000000e4a00000)
 PSPermGen       total 155648K, used 155620K [0x00000000b0000000, 0x00000000b9800000, 0x00000000c0000000)
  object space 155648K, 99% used [0x00000000b0000000,0x00000000b97f90d0,0x00000000b9800000)

Deoptimization events (10 events):
Event: 5080.958 Thread 0x000000000aee9800 Uncommon trap: reason=class_check action=maybe_recompile pc=0x0000000003446170 method=org.gradle.api.internal.tasks.TaskMutator.mutate(Ljava/lang/String;Ljava/lang/Runnable;)V @ 4
Event: 5080.961 Thread 0x000000000aee9800 Uncommon trap: reason=class_check action=maybe_recompile pc=0x0000000003446170 method=org.gradle.api.internal.tasks.TaskMutator.mutate(Ljava/lang/String;Ljava/lang/Runnable;)V @ 4
Event: 5080.971 Thread 0x000000000aee9800 Uncommon trap: reason=class_check action=maybe_recompile pc=0x0000000003446170 method=org.gradle.api.internal.tasks.TaskMutator.mutate(Ljava/lang/String;Ljava/lang/Runnable;)V @ 4
Event: 5081.386 Thread 0x000000000aee9800 Uncommon trap: reason=bimorphic action=maybe_recompile pc=0x00000000034002f8 method=java.nio.charset.CharsetDecoder.reset()Ljava/nio/charset/CharsetDecoder; @ 1
Event: 5081.386 Thread 0x000000000aee9800 Uncommon trap: reason=bimorphic action=maybe_recompile pc=0x00000000034002f8 method=java.nio.charset.CharsetDecoder.reset()Ljava/nio/charset/CharsetDecoder; @ 1
Event: 5081.741 Thread 0x000000000aee9800 Uncommon trap: reason=null_check action=make_not_entrant pc=0x0000000002e36b34 method=com.sun.org.apache.xerces.internal.impl.XMLErrorReporter.reset(Lcom/sun/org/apache/xerces/internal/xni/parser/XMLComponentManager;)V @ 22
Event: 5082.878 Thread 0x000000000aee9800 Uncommon trap: reason=null_check action=make_not_entrant pc=0x0000000003336598 method=org.codehaus.groovy.runtime.typehandling.DefaultTypeTransformation.castToType(Ljava/lang/Object;Ljava/lang/Class;)Ljava/lang/Object; @ 65
Event: 5087.060 Thread 0x000000000aee9800 Uncommon trap: reason=null_check action=make_not_entrant pc=0x00000000034541c0 method=com.google.common.collect.AbstractMultimap.containsEntry(Ljava/lang/Object;Ljava/lang/Object;)Z @ 10
Event: 5118.989 Thread 0x000000000aee9800 Uncommon trap: reason=null_check action=make_not_entrant pc=0x0000000002f7f968 method=org.gradle.api.internal.artifacts.dependencies.DefaultSelfResolvingDependency_Decorated.getVersion()Ljava/lang/String; @ 21
Event: 5196.888 Thread 0x000000000aeec000 Uncommon trap: reason=unreached action=reinterpret pc=0x00000000029192bc method=java.util.WeakHashMap.remove(Ljava/lang/Object;)Ljava/lang/Object; @ 94

Internal exceptions (10 events):
Event: 5226.142 Thread 0x000000000aeec000 Threw 0x00000000f2143070 at C:\re\jdk7u75\1940\hotspot\src\share\vm\prims\jvm.cpp:1281
Event: 5226.142 Thread 0x000000000aeec000 Threw 0x00000000f2146e80 at C:\re\jdk7u75\1940\hotspot\src\share\vm\prims\jvm.cpp:1281
Event: 5226.142 Thread 0x000000000aeec000 Threw 0x00000000f2147338 at C:\re\jdk7u75\1940\hotspot\src\share\vm\classfile\systemDictionary.cpp:185
Event: 5226.142 Thread 0x000000000aeec000 Threw 0x00000000f214bde8 at C:\re\jdk7u75\1940\hotspot\src\share\vm\prims\jvm.cpp:1281
Event: 5226.142 Thread 0x000000000aeec000 Threw 0x00000000f2150610 at C:\re\jdk7u75\1940\hotspot\src\share\vm\prims\jvm.cpp:1281
Event: 5226.142 Thread 0x000000000aeec000 Threw 0x00000000f2154770 at C:\re\jdk7u75\1940\hotspot\src\share\vm\prims\jvm.cpp:1281
Event: 5226.142 Thread 0x000000000aeec000 Threw 0x00000000f2154c28 at C:\re\jdk7u75\1940\hotspot\src\share\vm\classfile\systemDictionary.cpp:185
Event: 5226.146 Thread 0x000000000aeec000 Threw 0x00000000f2169e50 at C:\re\jdk7u75\1940\hotspot\src\share\vm\prims\jvm.cpp:1281
Event: 5226.146 Thread 0x000000000aeec000 Threw 0x00000000f216ad98 at C:\re\jdk7u75\1940\hotspot\src\share\vm\prims\jvm.cpp:1281
Event: 5226.146 Thread 0x000000000aeec000 Threw 0x00000000f21734c8 at C:\re\jdk7u75\1940\hotspot\src\share\vm\prims\jvm.cpp:1281

Events (10 events):
Event: 5226.138 loading class 0x000000000de19a80 done
Event: 5226.140 loading class 0x000000000e5440a0
Event: 5226.140 loading class 0x000000000e5440a0 done
Event: 5226.142 loading class 0x000000000df1ffd0
Event: 5226.142 loading class 0x000000000df1ffd0 done
Event: 5226.142 loading class 0x000000000df1f5d0
Event: 5226.142 loading class 0x000000000df1f5d0 done
Event: 5226.146 loading class 0x000000000de1a730
Event: 5226.146 loading class 0x000000000de1a730 done
Event: 5226.150 Executing VM operation: ParallelGCFailedAllocation


Dynamic libraries:
0x00007ff63c060000 - 0x00007ff63c093000 	C:\Program Files\Java\jdk1.7.0_75\bin\java.exe
0x00007fff699c0000 - 0x00007fff69b6c000 	C:\WINDOWS\SYSTEM32\ntdll.dll
0x00007fff68830000 - 0x00007fff6896e000 	C:\WINDOWS\system32\KERNEL32.DLL
0x00007fff66c40000 - 0x00007fff66d55000 	C:\WINDOWS\system32\KERNELBASE.dll
0x00007fff65670000 - 0x00007fff656fe000 	C:\WINDOWS\system32\apphelp.dll
0x00007fff5add0000 - 0x00007fff5ae23000 	C:\WINDOWS\AppPatch\AppPatch64\AcGenral.DLL
0x00007fff67040000 - 0x00007fff670ea000 	C:\WINDOWS\system32\msvcrt.dll
0x00007fff66900000 - 0x00007fff6692e000 	C:\WINDOWS\SYSTEM32\SspiCli.dll
0x00007fff69610000 - 0x00007fff69664000 	C:\WINDOWS\system32\SHLWAPI.dll
0x00007fff69300000 - 0x00007fff69477000 	C:\WINDOWS\system32\USER32.dll
0x00007fff68f00000 - 0x00007fff69094000 	C:\WINDOWS\system32\ole32.dll
0x00007fff67310000 - 0x00007fff68828000 	C:\WINDOWS\system32\SHELL32.dll
0x00007fff660d0000 - 0x00007fff660f1000 	C:\WINDOWS\SYSTEM32\USERENV.dll
0x00007fff68a30000 - 0x00007fff68ada000 	C:\WINDOWS\system32\ADVAPI32.dll
0x00007fff5adb0000 - 0x00007fff5adce000 	C:\WINDOWS\SYSTEM32\MPR.dll
0x00007fff68b90000 - 0x00007fff68cd1000 	C:\WINDOWS\system32\RPCRT4.dll
0x00007fff690c0000 - 0x00007fff69119000 	C:\WINDOWS\SYSTEM32\sechost.dll
0x00007fff68ce0000 - 0x00007fff68ef1000 	C:\WINDOWS\SYSTEM32\combase.dll
0x00007fff670f0000 - 0x00007fff67241000 	C:\WINDOWS\system32\GDI32.dll
0x00007fff66b10000 - 0x00007fff66b25000 	C:\WINDOWS\SYSTEM32\profapi.dll
0x00007fff65590000 - 0x00007fff65642000 	C:\WINDOWS\SYSTEM32\SHCORE.dll
0x00007fff68ae0000 - 0x00007fff68b16000 	C:\WINDOWS\system32\IMM32.DLL
0x00007fff69670000 - 0x00007fff697c2000 	C:\WINDOWS\system32\MSCTF.dll
0x00007fff66ac0000 - 0x00007fff66af2000 	C:\Windows\system32\nvinitx.dll
0x00007fff64b90000 - 0x00007fff64e0b000 	C:\WINDOWS\WinSxS\amd64_microsoft.windows.common-controls_6595b64144ccf1df_6.0.9600.17784_none_624760d1ecb7236e\COMCTL32.dll
0x00000000507b0000 - 0x0000000050882000 	C:\Program Files\Java\jdk1.7.0_75\jre\bin\msvcr100.dll
0x0000000050d20000 - 0x00000000514f4000 	C:\Program Files\Java\jdk1.7.0_75\jre\bin\server\jvm.dll
0x00007fff64450000 - 0x00007fff64459000 	C:\WINDOWS\SYSTEM32\WSOCK32.dll
0x00007fff64120000 - 0x00007fff64142000 	C:\WINDOWS\SYSTEM32\WINMM.dll
0x00007fff69120000 - 0x00007fff69127000 	C:\WINDOWS\system32\PSAPI.DLL
0x00007fff695b0000 - 0x00007fff6960a000 	C:\WINDOWS\system32\WS2_32.dll
0x00007fff640e0000 - 0x00007fff6410a000 	C:\WINDOWS\SYSTEM32\WINMMBASE.dll
0x00007fff690b0000 - 0x00007fff690b9000 	C:\WINDOWS\system32\NSI.dll
0x00007fff66d60000 - 0x00007fff66daf000 	C:\WINDOWS\SYSTEM32\cfgmgr32.dll
0x00007fff658d0000 - 0x00007fff658f8000 	C:\WINDOWS\SYSTEM32\DEVOBJ.dll
0x0000000050c30000 - 0x0000000050c3f000 	C:\Program Files\Java\jdk1.7.0_75\jre\bin\verify.dll
0x0000000050c00000 - 0x0000000050c28000 	C:\Program Files\Java\jdk1.7.0_75\jre\bin\java.dll
0x0000000050be0000 - 0x0000000050bf5000 	C:\Program Files\Java\jdk1.7.0_75\jre\bin\zip.dll
0x0000000050bc0000 - 0x0000000050bd9000 	C:\Program Files\Java\jdk1.7.0_75\jre\bin\net.dll
0x00007fff66340000 - 0x00007fff66399000 	C:\WINDOWS\system32\mswsock.dll
0x0000000050ba0000 - 0x0000000050bb1000 	C:\Program Files\Java\jdk1.7.0_75\jre\bin\nio.dll
0x00007fff663a0000 - 0x00007fff663c0000 	C:\WINDOWS\SYSTEM32\CRYPTSP.dll
0x00007fff65fc0000 - 0x00007fff65ff6000 	C:\WINDOWS\system32\rsaenh.dll
0x00007fff665f0000 - 0x00007fff66616000 	C:\WINDOWS\SYSTEM32\bcrypt.dll
0x00007fff66930000 - 0x00007fff66993000 	C:\WINDOWS\system32\bcryptprimitives.dll
0x00007fff669a0000 - 0x00007fff669ab000 	C:\WINDOWS\SYSTEM32\CRYPTBASE.dll
0x00007fff60ce0000 - 0x00007fff60d0a000 	C:\WINDOWS\SYSTEM32\IPHLPAPI.DLL
0x00007fff60cb0000 - 0x00007fff60cba000 	C:\WINDOWS\SYSTEM32\WINNSI.DLL
0x00007fff607c0000 - 0x00007fff607d6000 	C:\WINDOWS\SYSTEM32\dhcpcsvc6.DLL
0x00007fff609c0000 - 0x00007fff609da000 	C:\WINDOWS\SYSTEM32\dhcpcsvc.DLL
0x00007fff5fbd0000 - 0x00007fff5fbe2000 	C:\Users\superalin98\AppData\Local\Temp\native-platform6656565448740773905dir\native-platform.dll
0x00007fff5d450000 - 0x00007fff5d465000 	C:\WINDOWS\system32\napinsp.dll
0x00007fff5d470000 - 0x00007fff5d48a000 	C:\WINDOWS\system32\pnrpnsp.dll
0x00007fff62210000 - 0x00007fff6222b000 	C:\WINDOWS\system32\NLAapi.dll
0x00007fff66140000 - 0x00007fff661e4000 	C:\WINDOWS\SYSTEM32\DNSAPI.dll
0x00007fff5d490000 - 0x00007fff5d49d000 	C:\WINDOWS\System32\winrnr.dll
0x00007fff5d4a0000 - 0x00007fff5d4b4000 	C:\WINDOWS\system32\wshbth.dll
0x00007fff5d8f0000 - 0x00007fff5d8fa000 	C:\Windows\System32\rasadhlp.dll
0x00007fff60890000 - 0x00007fff608fb000 	C:\WINDOWS\System32\fwpuclnt.dll
0x00000000508d0000 - 0x00000000508f4000 	C:\Program Files\Java\jdk1.7.0_75\jre\bin\sunec.dll
0x00000000508c0000 - 0x00000000508cb000 	C:\Program Files\Java\jdk1.7.0_75\jre\bin\sunmscapi.dll
0x00007fff66db0000 - 0x00007fff66f8f000 	C:\WINDOWS\system32\CRYPT32.dll
0x00007fff66bc0000 - 0x00007fff66bd1000 	C:\WINDOWS\system32\MSASN1.dll
0x00007fff4eb00000 - 0x00007fff4ec89000 	C:\WINDOWS\SYSTEM32\dbghelp.dll

VM Arguments:
jvm_args: -XX:MaxPermSize=256m -XX:+HeapDumpOnOutOfMemoryError -Xmx1024m -Dfile.encoding=windows-1252 -Duser.country=US -Duser.language=en -Duser.variant 
java_command: org.gradle.launcher.daemon.bootstrap.GradleDaemon 2.2.1 C:\Users\superalin98\.gradle\daemon 10800000 a35e2e92-dec5-47f1-970c-e4926eb03f8d -XX:MaxPermSize=256m -XX:+HeapDumpOnOutOfMemoryError -Xmx1024m -Dfile.encoding=windows-1252 -Duser.country=US -Duser.language=en -Duser.variant
Launcher Type: SUN_STANDARD

Environment Variables:
JAVA_HOME=C:\Program Files\Java\jdk1.7.0_75
PATH=C:\Windows\system32;C:\Windows;C:\Windows\System32\Wbem;C:\Windows\System32\WindowsPowerShell\v1.0\;C:\Program Files (x86)\Skype\Phone\;.;C:\adb;C:\WINDOWS\system32;C:\WINDOWS;C:\WINDOWS\System32\Wbem;C:\WINDOWS\System32\WindowsPowerShell\v1.0\;C:\apache-ant-1.9.4\bin;C:\android-ndk-r10e;.;
USERNAME=superalin98
OS=Windows_NT
PROCESSOR_IDENTIFIER=Intel64 Family 6 Model 58 Stepping 9, GenuineIntel



---------------  S Y S T E M  ---------------

OS: Windows 8.1 , 64 bit Build 9600 

CPU:total 8 (4 cores per cpu, 2 threads per core) family 6 model 58 stepping 9, cmov, cx8, fxsr, mmx, sse, sse2, sse3, ssse3, sse4.1, sse4.2, popcnt, avx, aes, erms, ht, tsc, tscinvbit, tscinv

Memory: 4k page, physical 8246884k(3062016k free), swap 9557604k(2743604k free)

vm_info: Java HotSpot(TM) 64-Bit Server VM (24.75-b04) for windows-amd64 JRE (1.7.0_75-b13), built on Dec 18 2014 17:15:01 by "java_re" with unknown MS VC++:1600

time: Sun May 31 10:12:58 2015
elapsed time: 5226 seconds

